DEBUG   2019-11-17 19:21:44,000 [http-nio-8080-exec-1] com.netreaders.dao.book.BookDaoImpl  - Dont find any book by id '1'
DEBUG   2019-11-17 19:21:46,810 [http-nio-8080-exec-8] com.netreaders.dao.book.BookDaoImpl  - Dont find any book by id '1'
DEBUG   2019-11-17 19:21:50,448 [http-nio-8080-exec-3] com.netreaders.dao.book.BookDaoImpl  - Find a book by id '4'
DEBUG   2019-11-17 19:21:50,486 [http-nio-8080-exec-3] com.netreaders.dao.genres.GenreDaoImpl  - Find 2 genre(s) by bookID '4'
DEBUG   2019-11-17 19:21:50,500 [http-nio-8080-exec-3] com.netreaders.dao.author.AuthorDaoImpl  - Find 1 author(s) by bookID '4'
DEBUG   2019-11-17 19:26:04,328 [http-nio-8080-exec-6] com.netreaders.dao.book.BookDaoImpl  - Find a book by id '3'
DEBUG   2019-11-17 19:26:04,330 [http-nio-8080-exec-6] com.netreaders.dao.genres.GenreDaoImpl  - Find 4 genre(s) by bookID '3'
DEBUG   2019-11-17 19:26:04,331 [http-nio-8080-exec-6] com.netreaders.dao.author.AuthorDaoImpl  - Find 1 author(s) by bookID '3'
DEBUG   2019-11-17 19:26:20,147 [http-nio-8080-exec-4] com.netreaders.dao.book.BookDaoImpl  - Find a book by id '3'
DEBUG   2019-11-17 19:26:20,148 [http-nio-8080-exec-4] com.netreaders.dao.genres.GenreDaoImpl  - Find 4 genre(s) by bookID '3'
DEBUG   2019-11-17 19:26:20,149 [http-nio-8080-exec-4] com.netreaders.dao.author.AuthorDaoImpl  - Find 1 author(s) by bookID '3'
DEBUG   2019-11-17 19:26:21,671 [http-nio-8080-exec-7] com.netreaders.dao.book.BookDaoImpl  - Find a book by id '3'
DEBUG   2019-11-17 19:26:21,673 [http-nio-8080-exec-7] com.netreaders.dao.genres.GenreDaoImpl  - Find 4 genre(s) by bookID '3'
DEBUG   2019-11-17 19:26:21,674 [http-nio-8080-exec-7] com.netreaders.dao.author.AuthorDaoImpl  - Find 1 author(s) by bookID '3'
DEBUG   2019-11-17 19:26:22,077 [http-nio-8080-exec-4] com.netreaders.dao.book.BookDaoImpl  - Find a book by id '3'
DEBUG   2019-11-17 19:26:22,078 [http-nio-8080-exec-4] com.netreaders.dao.genres.GenreDaoImpl  - Find 4 genre(s) by bookID '3'
DEBUG   2019-11-17 19:26:22,079 [http-nio-8080-exec-4] com.netreaders.dao.author.AuthorDaoImpl  - Find 1 author(s) by bookID '3'
DEBUG   2019-11-17 19:30:08,834 [http-nio-8080-exec-4] com.netreaders.dao.book.BookDaoImpl  - Find a book by id '1'
DEBUG   2019-11-17 19:30:08,841 [http-nio-8080-exec-4] com.netreaders.dao.genres.GenreDaoImpl  - Find 1 genre(s) by bookID '1'
DEBUG   2019-11-17 19:30:08,847 [http-nio-8080-exec-4] com.netreaders.dao.author.AuthorDaoImpl  - Find 1 author(s) by bookID '1'
DEBUG   2019-11-17 19:30:13,017 [http-nio-8080-exec-8] com.netreaders.dao.book.BookDaoImpl  - Find a book by id '2'
DEBUG   2019-11-17 19:30:13,018 [http-nio-8080-exec-8] com.netreaders.dao.genres.GenreDaoImpl  - Find 1 genre(s) by bookID '2'
DEBUG   2019-11-17 19:30:13,019 [http-nio-8080-exec-8] com.netreaders.dao.author.AuthorDaoImpl  - Find 1 author(s) by bookID '2'
DEBUG   2019-11-17 19:30:14,923 [http-nio-8080-exec-1] com.netreaders.dao.book.BookDaoImpl  - Find a book by id '6'
DEBUG   2019-11-17 19:30:14,924 [http-nio-8080-exec-1] com.netreaders.dao.genres.GenreDaoImpl  - Find 1 genre(s) by bookID '6'
DEBUG   2019-11-17 19:30:14,925 [http-nio-8080-exec-1] com.netreaders.dao.author.AuthorDaoImpl  - Find 1 author(s) by bookID '6'
DEBUG   2019-11-17 19:30:17,136 [http-nio-8080-exec-6] com.netreaders.dao.book.BookDaoImpl  - Dont find any book by id '19'
DEBUG   2019-11-17 19:30:20,799 [http-nio-8080-exec-3] com.netreaders.dao.book.BookDaoImpl  - Find a book by id '12'
DEBUG   2019-11-17 19:30:20,800 [http-nio-8080-exec-3] com.netreaders.dao.genres.GenreDaoImpl  - Find 2 genre(s) by bookID '12'
DEBUG   2019-11-17 19:30:20,801 [http-nio-8080-exec-3] com.netreaders.dao.author.AuthorDaoImpl  - Find 1 author(s) by bookID '12'
DEBUG   2019-11-17 19:30:23,789 [http-nio-8080-exec-4] com.netreaders.dao.book.BookDaoImpl  - Find a book by id '12'
DEBUG   2019-11-17 19:30:23,790 [http-nio-8080-exec-4] com.netreaders.dao.genres.GenreDaoImpl  - Find 2 genre(s) by bookID '12'
DEBUG   2019-11-17 19:30:23,791 [http-nio-8080-exec-4] com.netreaders.dao.author.AuthorDaoImpl  - Find 1 author(s) by bookID '12'
DEBUG   2019-11-17 19:30:26,453 [http-nio-8080-exec-8] com.netreaders.dao.book.BookDaoImpl  - Find a book by id '10'
DEBUG   2019-11-17 19:30:26,454 [http-nio-8080-exec-8] com.netreaders.dao.genres.GenreDaoImpl  - Find 2 genre(s) by bookID '10'
DEBUG   2019-11-17 19:30:26,455 [http-nio-8080-exec-8] com.netreaders.dao.author.AuthorDaoImpl  - Find 1 author(s) by bookID '10'
DEBUG   2019-11-17 19:30:28,504 [http-nio-8080-exec-1] com.netreaders.dao.book.BookDaoImpl  - Find a book by id '4'
DEBUG   2019-11-17 19:30:28,505 [http-nio-8080-exec-1] com.netreaders.dao.genres.GenreDaoImpl  - Find 2 genre(s) by bookID '4'
DEBUG   2019-11-17 19:30:28,506 [http-nio-8080-exec-1] com.netreaders.dao.author.AuthorDaoImpl  - Find 1 author(s) by bookID '4'
DEBUG   2019-11-17 19:40:09,557 [http-nio-8080-exec-4] com.netreaders.dao.book.BookDaoImpl  - Find a book by id '1'
DEBUG   2019-11-17 19:40:09,572 [http-nio-8080-exec-4] com.netreaders.dao.genres.GenreDaoImpl  - Find 1 genre(s) by bookID '1'
DEBUG   2019-11-17 19:40:09,584 [http-nio-8080-exec-4] com.netreaders.dao.author.AuthorDaoImpl  - Find 1 author(s) by bookID '1'
DEBUG   2019-11-17 19:40:44,754 [http-nio-8080-exec-2] com.netreaders.dao.book.BookDaoImpl  - Find 1 book(s) by authorID '1'
DEBUG   2019-11-17 19:40:44,756 [http-nio-8080-exec-2] com.netreaders.dao.genres.GenreDaoImpl  - Find 1 genre(s) by bookID '2'
DEBUG   2019-11-17 19:40:44,757 [http-nio-8080-exec-2] com.netreaders.dao.author.AuthorDaoImpl  - Find 1 author(s) by bookID '2'
DEBUG   2019-11-17 19:46:41,353 [http-nio-8080-exec-8] com.netreaders.dao.book.BookDaoImpl  - Find 1 book(s) by authorID '1'
DEBUG   2019-11-17 19:46:41,369 [http-nio-8080-exec-8] com.netreaders.dao.genres.GenreDaoImpl  - Find 1 genre(s) by bookID '2'
DEBUG   2019-11-17 19:46:41,378 [http-nio-8080-exec-8] com.netreaders.dao.author.AuthorDaoImpl  - Find 1 author(s) by bookID '2'
DEBUG   2019-11-17 19:47:22,875 [http-nio-8080-exec-5] com.netreaders.dao.book.BookDaoImpl  - Find 1 book(s) by authorID '1'
DEBUG   2019-11-17 19:47:22,877 [http-nio-8080-exec-5] com.netreaders.dao.genres.GenreDaoImpl  - Find 1 genre(s) by bookID '2'
DEBUG   2019-11-17 19:47:22,878 [http-nio-8080-exec-5] com.netreaders.dao.author.AuthorDaoImpl  - Find 1 author(s) by bookID '2'
DEBUG   2019-11-17 19:47:26,257 [http-nio-8080-exec-8] com.netreaders.dao.book.BookDaoImpl  - Find 1 book(s) by authorID '1'
DEBUG   2019-11-17 19:47:26,258 [http-nio-8080-exec-8] com.netreaders.dao.genres.GenreDaoImpl  - Find 1 genre(s) by bookID '2'
DEBUG   2019-11-17 19:47:26,259 [http-nio-8080-exec-8] com.netreaders.dao.author.AuthorDaoImpl  - Find 1 author(s) by bookID '2'
DEBUG   2019-11-17 19:47:38,092 [http-nio-8080-exec-2] com.netreaders.dao.book.BookDaoImpl  - Find 1 book(s) by authorID '1'
DEBUG   2019-11-17 19:47:38,108 [http-nio-8080-exec-2] com.netreaders.dao.genres.GenreDaoImpl  - Find 1 genre(s) by bookID '2'
DEBUG   2019-11-17 19:47:38,118 [http-nio-8080-exec-2] com.netreaders.dao.author.AuthorDaoImpl  - Find 1 author(s) by bookID '2'
DEBUG   2019-11-17 20:04:44,614 [http-nio-8080-exec-8] com.netreaders.dao.book.BookDaoImpl  - Find 1 book(s) by authorID '2'
DEBUG   2019-11-17 20:04:44,629 [http-nio-8080-exec-8] com.netreaders.dao.genres.GenreDaoImpl  - Find 1 genre(s) by bookID '1'
DEBUG   2019-11-17 20:04:44,639 [http-nio-8080-exec-8] com.netreaders.dao.author.AuthorDaoImpl  - Find 1 author(s) by bookID '1'
DEBUG   2019-11-17 20:04:46,407 [http-nio-8080-exec-10] com.netreaders.dao.book.BookDaoImpl  - Find 1 book(s) by authorID '1'
DEBUG   2019-11-17 20:04:46,408 [http-nio-8080-exec-10] com.netreaders.dao.genres.GenreDaoImpl  - Find 1 genre(s) by bookID '2'
DEBUG   2019-11-17 20:04:46,410 [http-nio-8080-exec-10] com.netreaders.dao.author.AuthorDaoImpl  - Find 1 author(s) by bookID '2'
DEBUG   2019-11-17 20:20:39,760 [http-nio-8080-exec-7] com.netreaders.dao.book.BookDaoImpl  - Find 1 book(s) by authorID '1'
DEBUG   2019-11-17 20:20:39,774 [http-nio-8080-exec-7] com.netreaders.dao.genres.GenreDaoImpl  - Find 1 genre(s) by bookID '2'
DEBUG   2019-11-17 20:20:39,784 [http-nio-8080-exec-7] com.netreaders.dao.author.AuthorDaoImpl  - Find 1 author(s) by bookID '2'
DEBUG   2019-11-17 20:20:43,862 [http-nio-8080-exec-2] com.netreaders.dao.book.BookDaoImpl  - Find 1 book(s) by authorID '2'
DEBUG   2019-11-17 20:20:43,864 [http-nio-8080-exec-2] com.netreaders.dao.genres.GenreDaoImpl  - Find 1 genre(s) by bookID '1'
DEBUG   2019-11-17 20:20:43,865 [http-nio-8080-exec-2] com.netreaders.dao.author.AuthorDaoImpl  - Find 1 author(s) by bookID '1'
DEBUG   2019-11-17 20:20:46,679 [http-nio-8080-exec-6] com.netreaders.dao.book.BookDaoImpl  - Find 1 book(s) by authorID '5'
DEBUG   2019-11-17 20:20:46,680 [http-nio-8080-exec-6] com.netreaders.dao.genres.GenreDaoImpl  - Find 1 genre(s) by bookID '6'
DEBUG   2019-11-17 20:20:46,681 [http-nio-8080-exec-6] com.netreaders.dao.author.AuthorDaoImpl  - Find 1 author(s) by bookID '6'
DEBUG   2019-11-17 20:20:49,036 [http-nio-8080-exec-9] com.netreaders.dao.book.BookDaoImpl  - Find 1 book(s) by authorID '6'
DEBUG   2019-11-17 20:20:49,038 [http-nio-8080-exec-9] com.netreaders.dao.genres.GenreDaoImpl  - Find 2 genre(s) by bookID '3'
DEBUG   2019-11-17 20:20:49,039 [http-nio-8080-exec-9] com.netreaders.dao.author.AuthorDaoImpl  - Find 1 author(s) by bookID '3'
DEBUG   2019-11-17 20:20:51,363 [http-nio-8080-exec-2] com.netreaders.dao.book.BookDaoImpl  - Find 3 book(s) by authorID '7'
DEBUG   2019-11-17 20:20:51,365 [http-nio-8080-exec-2] com.netreaders.dao.genres.GenreDaoImpl  - Find 2 genre(s) by bookID '8'
DEBUG   2019-11-17 20:20:51,366 [http-nio-8080-exec-2] com.netreaders.dao.author.AuthorDaoImpl  - Find 1 author(s) by bookID '8'
DEBUG   2019-11-17 20:20:51,367 [http-nio-8080-exec-2] com.netreaders.dao.genres.GenreDaoImpl  - Find 4 genre(s) by bookID '9'
DEBUG   2019-11-17 20:20:51,368 [http-nio-8080-exec-2] com.netreaders.dao.author.AuthorDaoImpl  - Find 1 author(s) by bookID '9'
DEBUG   2019-11-17 20:20:51,369 [http-nio-8080-exec-2] com.netreaders.dao.genres.GenreDaoImpl  - Find 2 genre(s) by bookID '10'
DEBUG   2019-11-17 20:20:51,370 [http-nio-8080-exec-2] com.netreaders.dao.author.AuthorDaoImpl  - Find 1 author(s) by bookID '10'
DEBUG   2019-11-17 20:24:12,878 [http-nio-8080-exec-7] com.netreaders.dao.book.BookDaoImpl  - Find 3 book(s) by authorID '7'
DEBUG   2019-11-17 20:24:12,893 [http-nio-8080-exec-7] com.netreaders.dao.genres.GenreDaoImpl  - Find 2 genre(s) by bookID '8'
DEBUG   2019-11-17 20:24:12,902 [http-nio-8080-exec-7] com.netreaders.dao.author.AuthorDaoImpl  - Find 1 author(s) by bookID '8'
DEBUG   2019-11-17 20:24:12,904 [http-nio-8080-exec-7] com.netreaders.dao.genres.GenreDaoImpl  - Find 4 genre(s) by bookID '9'
DEBUG   2019-11-17 20:24:12,905 [http-nio-8080-exec-7] com.netreaders.dao.author.AuthorDaoImpl  - Find 1 author(s) by bookID '9'
DEBUG   2019-11-17 20:24:12,906 [http-nio-8080-exec-7] com.netreaders.dao.genres.GenreDaoImpl  - Find 2 genre(s) by bookID '10'
DEBUG   2019-11-17 20:24:12,908 [http-nio-8080-exec-7] com.netreaders.dao.author.AuthorDaoImpl  - Find 1 author(s) by bookID '10'
DEBUG   2019-11-17 20:26:31,342 [http-nio-8080-exec-7] com.netreaders.dao.book.BookDaoImpl  - Find 3 book(s) by authorID '7'
DEBUG   2019-11-17 20:26:31,360 [http-nio-8080-exec-7] com.netreaders.dao.genres.GenreDaoImpl  - Find 2 genre(s) by bookID '8'
DEBUG   2019-11-17 20:26:31,369 [http-nio-8080-exec-7] com.netreaders.dao.author.AuthorDaoImpl  - Find 1 author(s) by bookID '8'
DEBUG   2019-11-17 20:26:31,370 [http-nio-8080-exec-7] com.netreaders.dao.genres.GenreDaoImpl  - Find 4 genre(s) by bookID '9'
DEBUG   2019-11-17 20:26:31,371 [http-nio-8080-exec-7] com.netreaders.dao.author.AuthorDaoImpl  - Find 1 author(s) by bookID '9'
DEBUG   2019-11-17 20:26:31,373 [http-nio-8080-exec-7] com.netreaders.dao.genres.GenreDaoImpl  - Find 2 genre(s) by bookID '10'
DEBUG   2019-11-17 20:26:31,375 [http-nio-8080-exec-7] com.netreaders.dao.author.AuthorDaoImpl  - Find 1 author(s) by bookID '10'
DEBUG   2019-11-17 20:29:02,386 [http-nio-8080-exec-7] com.netreaders.dao.book.BookDaoImpl  - Find 3 book(s) by authorID '7'
DEBUG   2019-11-17 20:29:02,397 [http-nio-8080-exec-7] com.netreaders.dao.genres.GenreDaoImpl  - Find 2 genre(s) by bookID '8'
DEBUG   2019-11-17 20:29:02,405 [http-nio-8080-exec-7] com.netreaders.dao.author.AuthorDaoImpl  - Find 1 author(s) by bookID '8'
DEBUG   2019-11-17 20:29:02,406 [http-nio-8080-exec-7] com.netreaders.dao.genres.GenreDaoImpl  - Find 4 genre(s) by bookID '9'
DEBUG   2019-11-17 20:29:02,407 [http-nio-8080-exec-7] com.netreaders.dao.author.AuthorDaoImpl  - Find 1 author(s) by bookID '9'
DEBUG   2019-11-17 20:29:02,408 [http-nio-8080-exec-7] com.netreaders.dao.genres.GenreDaoImpl  - Find 2 genre(s) by bookID '10'
DEBUG   2019-11-17 20:29:02,409 [http-nio-8080-exec-7] com.netreaders.dao.author.AuthorDaoImpl  - Find 1 author(s) by bookID '10'
DEBUG   2019-11-17 20:34:41,107 [http-nio-8080-exec-7] com.netreaders.dao.book.BookDaoImpl  - Find 3 book(s) by authorID '7'
DEBUG   2019-11-17 20:34:41,119 [http-nio-8080-exec-7] com.netreaders.dao.genres.GenreDaoImpl  - Find 2 genre(s) by bookID '8'
DEBUG   2019-11-17 20:34:41,130 [http-nio-8080-exec-7] com.netreaders.dao.author.AuthorDaoImpl  - Find 1 author(s) by bookID '8'
DEBUG   2019-11-17 20:34:41,131 [http-nio-8080-exec-7] com.netreaders.dao.genres.GenreDaoImpl  - Find 4 genre(s) by bookID '9'
DEBUG   2019-11-17 20:34:41,132 [http-nio-8080-exec-7] com.netreaders.dao.author.AuthorDaoImpl  - Find 1 author(s) by bookID '9'
DEBUG   2019-11-17 20:34:41,133 [http-nio-8080-exec-7] com.netreaders.dao.genres.GenreDaoImpl  - Find 2 genre(s) by bookID '10'
DEBUG   2019-11-17 20:34:41,134 [http-nio-8080-exec-7] com.netreaders.dao.author.AuthorDaoImpl  - Find 1 author(s) by bookID '10'
DEBUG   2019-11-17 20:37:43,549 [http-nio-8080-exec-7] com.netreaders.dao.book.BookDaoImpl  - Find 3 book(s) by authorID '7'
DEBUG   2019-11-17 20:37:43,560 [http-nio-8080-exec-7] com.netreaders.dao.genres.GenreDaoImpl  - Find 2 genre(s) by bookID '8'
DEBUG   2019-11-17 20:37:43,569 [http-nio-8080-exec-7] com.netreaders.dao.author.AuthorDaoImpl  - Find 1 author(s) by bookID '8'
DEBUG   2019-11-17 20:37:43,570 [http-nio-8080-exec-7] com.netreaders.dao.genres.GenreDaoImpl  - Find 4 genre(s) by bookID '9'
DEBUG   2019-11-17 20:37:43,571 [http-nio-8080-exec-7] com.netreaders.dao.author.AuthorDaoImpl  - Find 1 author(s) by bookID '9'
DEBUG   2019-11-17 20:37:43,572 [http-nio-8080-exec-7] com.netreaders.dao.genres.GenreDaoImpl  - Find 2 genre(s) by bookID '10'
DEBUG   2019-11-17 20:37:43,573 [http-nio-8080-exec-7] com.netreaders.dao.author.AuthorDaoImpl  - Find 1 author(s) by bookID '10'
DEBUG   2019-11-17 20:38:59,325 [http-nio-8080-exec-7] com.netreaders.dao.book.BookDaoImpl  - Find 3 book(s) by authorID '7'
DEBUG   2019-11-17 20:38:59,340 [http-nio-8080-exec-7] com.netreaders.dao.genres.GenreDaoImpl  - Find 2 genre(s) by bookID '8'
DEBUG   2019-11-17 20:38:59,347 [http-nio-8080-exec-7] com.netreaders.dao.author.AuthorDaoImpl  - Find 1 author(s) by bookID '8'
DEBUG   2019-11-17 20:38:59,348 [http-nio-8080-exec-7] com.netreaders.dao.genres.GenreDaoImpl  - Find 4 genre(s) by bookID '9'
DEBUG   2019-11-17 20:38:59,349 [http-nio-8080-exec-7] com.netreaders.dao.author.AuthorDaoImpl  - Find 1 author(s) by bookID '9'
DEBUG   2019-11-17 20:38:59,350 [http-nio-8080-exec-7] com.netreaders.dao.genres.GenreDaoImpl  - Find 2 genre(s) by bookID '10'
DEBUG   2019-11-17 20:38:59,351 [http-nio-8080-exec-7] com.netreaders.dao.author.AuthorDaoImpl  - Find 1 author(s) by bookID '10'
DEBUG   2019-11-17 20:41:25,375 [http-nio-8080-exec-2] com.netreaders.dao.book.BookDaoImpl  - Find 3 book(s) by authorID '7'
DEBUG   2019-11-17 20:41:25,393 [http-nio-8080-exec-2] com.netreaders.dao.genres.GenreDaoImpl  - Find 2 genre(s) by bookID '8'
DEBUG   2019-11-17 20:41:25,406 [http-nio-8080-exec-2] com.netreaders.dao.author.AuthorDaoImpl  - Find 1 author(s) by bookID '8'
DEBUG   2019-11-17 20:41:25,408 [http-nio-8080-exec-2] com.netreaders.dao.genres.GenreDaoImpl  - Find 4 genre(s) by bookID '9'
DEBUG   2019-11-17 20:41:25,409 [http-nio-8080-exec-2] com.netreaders.dao.author.AuthorDaoImpl  - Find 1 author(s) by bookID '9'
DEBUG   2019-11-17 20:41:25,410 [http-nio-8080-exec-2] com.netreaders.dao.genres.GenreDaoImpl  - Find 2 genre(s) by bookID '10'
DEBUG   2019-11-17 20:41:25,411 [http-nio-8080-exec-2] com.netreaders.dao.author.AuthorDaoImpl  - Find 1 author(s) by bookID '10'
DEBUG   2019-11-17 20:50:09,990 [http-nio-8080-exec-7] com.netreaders.dao.book.BookDaoImpl  - Find 3 book(s) by authorID '7'
DEBUG   2019-11-17 20:50:10,002 [http-nio-8080-exec-7] com.netreaders.dao.genres.GenreDaoImpl  - Find 2 genre(s) by bookID '8'
DEBUG   2019-11-17 20:50:10,015 [http-nio-8080-exec-7] com.netreaders.dao.author.AuthorDaoImpl  - Find 1 author(s) by bookID '8'
DEBUG   2019-11-17 20:50:10,016 [http-nio-8080-exec-7] com.netreaders.dao.genres.GenreDaoImpl  - Find 4 genre(s) by bookID '9'
DEBUG   2019-11-17 20:50:10,017 [http-nio-8080-exec-7] com.netreaders.dao.author.AuthorDaoImpl  - Find 1 author(s) by bookID '9'
DEBUG   2019-11-17 20:50:10,018 [http-nio-8080-exec-7] com.netreaders.dao.genres.GenreDaoImpl  - Find 2 genre(s) by bookID '10'
DEBUG   2019-11-17 20:50:10,019 [http-nio-8080-exec-7] com.netreaders.dao.author.AuthorDaoImpl  - Find 1 author(s) by bookID '10'
DEBUG   2019-11-17 20:53:53,543 [http-nio-8080-exec-7] com.netreaders.dao.book.BookDaoImpl  - Find 3 book(s) by authorID '7'
DEBUG   2019-11-17 20:53:53,559 [http-nio-8080-exec-7] com.netreaders.dao.genres.GenreDaoImpl  - Find 2 genre(s) by bookID '8'
DEBUG   2019-11-17 20:53:53,569 [http-nio-8080-exec-7] com.netreaders.dao.author.AuthorDaoImpl  - Find 1 author(s) by bookID '8'
DEBUG   2019-11-17 20:53:53,571 [http-nio-8080-exec-7] com.netreaders.dao.genres.GenreDaoImpl  - Find 4 genre(s) by bookID '9'
DEBUG   2019-11-17 20:53:53,572 [http-nio-8080-exec-7] com.netreaders.dao.author.AuthorDaoImpl  - Find 1 author(s) by bookID '9'
DEBUG   2019-11-17 20:53:53,574 [http-nio-8080-exec-7] com.netreaders.dao.genres.GenreDaoImpl  - Find 2 genre(s) by bookID '10'
DEBUG   2019-11-17 20:53:53,576 [http-nio-8080-exec-7] com.netreaders.dao.author.AuthorDaoImpl  - Find 1 author(s) by bookID '10'
DEBUG   2019-11-17 21:00:46,063 [http-nio-8080-exec-7] com.netreaders.dao.book.BookDaoImpl  - Find 3 book(s) by authorID '7'
DEBUG   2019-11-17 21:00:46,075 [http-nio-8080-exec-7] com.netreaders.dao.genres.GenreDaoImpl  - Find 2 genre(s) by bookID '8'
DEBUG   2019-11-17 21:00:46,085 [http-nio-8080-exec-7] com.netreaders.dao.author.AuthorDaoImpl  - Find 1 author(s) by bookID '8'
DEBUG   2019-11-17 21:00:46,086 [http-nio-8080-exec-7] com.netreaders.dao.genres.GenreDaoImpl  - Find 4 genre(s) by bookID '9'
DEBUG   2019-11-17 21:00:46,087 [http-nio-8080-exec-7] com.netreaders.dao.author.AuthorDaoImpl  - Find 1 author(s) by bookID '9'
DEBUG   2019-11-17 21:00:46,088 [http-nio-8080-exec-7] com.netreaders.dao.genres.GenreDaoImpl  - Find 2 genre(s) by bookID '10'
DEBUG   2019-11-17 21:00:46,090 [http-nio-8080-exec-7] com.netreaders.dao.author.AuthorDaoImpl  - Find 1 author(s) by bookID '10'
DEBUG   2019-11-17 21:04:04,711 [http-nio-8080-exec-7] com.netreaders.dao.book.BookDaoImpl  - Find 3 book(s) by authorID '7'
DEBUG   2019-11-17 21:04:04,728 [http-nio-8080-exec-7] com.netreaders.dao.genres.GenreDaoImpl  - Find 2 genre(s) by bookID '8'
DEBUG   2019-11-17 21:04:04,737 [http-nio-8080-exec-7] com.netreaders.dao.author.AuthorDaoImpl  - Find 1 author(s) by bookID '8'
DEBUG   2019-11-17 21:04:04,738 [http-nio-8080-exec-7] com.netreaders.dao.genres.GenreDaoImpl  - Find 4 genre(s) by bookID '9'
DEBUG   2019-11-17 21:04:04,739 [http-nio-8080-exec-7] com.netreaders.dao.author.AuthorDaoImpl  - Find 1 author(s) by bookID '9'
DEBUG   2019-11-17 21:04:04,740 [http-nio-8080-exec-7] com.netreaders.dao.genres.GenreDaoImpl  - Find 2 genre(s) by bookID '10'
DEBUG   2019-11-17 21:04:04,741 [http-nio-8080-exec-7] com.netreaders.dao.author.AuthorDaoImpl  - Find 1 author(s) by bookID '10'
DEBUG   2019-11-17 21:07:04,738 [http-nio-8080-exec-7] com.netreaders.dao.book.BookDaoImpl  - Find 3 book(s) by authorID '7'
DEBUG   2019-11-17 21:07:04,750 [http-nio-8080-exec-7] com.netreaders.dao.genres.GenreDaoImpl  - Find 2 genre(s) by bookID '8'
DEBUG   2019-11-17 21:07:04,760 [http-nio-8080-exec-7] com.netreaders.dao.author.AuthorDaoImpl  - Find 1 author(s) by bookID '8'
DEBUG   2019-11-17 21:07:04,761 [http-nio-8080-exec-7] com.netreaders.dao.genres.GenreDaoImpl  - Find 4 genre(s) by bookID '9'
DEBUG   2019-11-17 21:07:04,762 [http-nio-8080-exec-7] com.netreaders.dao.author.AuthorDaoImpl  - Find 1 author(s) by bookID '9'
DEBUG   2019-11-17 21:07:04,763 [http-nio-8080-exec-7] com.netreaders.dao.genres.GenreDaoImpl  - Find 2 genre(s) by bookID '10'
DEBUG   2019-11-17 21:07:04,764 [http-nio-8080-exec-7] com.netreaders.dao.author.AuthorDaoImpl  - Find 1 author(s) by bookID '10'
DEBUG   2019-11-17 21:08:56,412 [http-nio-8080-exec-7] com.netreaders.dao.book.BookDaoImpl  - Find 3 book(s) by authorID '7'
DEBUG   2019-11-17 21:08:56,424 [http-nio-8080-exec-7] com.netreaders.dao.genres.GenreDaoImpl  - Find 2 genre(s) by bookID '8'
DEBUG   2019-11-17 21:08:56,435 [http-nio-8080-exec-7] com.netreaders.dao.author.AuthorDaoImpl  - Find 1 author(s) by bookID '8'
DEBUG   2019-11-17 21:08:56,436 [http-nio-8080-exec-7] com.netreaders.dao.genres.GenreDaoImpl  - Find 4 genre(s) by bookID '9'
DEBUG   2019-11-17 21:08:56,436 [http-nio-8080-exec-7] com.netreaders.dao.author.AuthorDaoImpl  - Find 1 author(s) by bookID '9'
DEBUG   2019-11-17 21:08:56,437 [http-nio-8080-exec-7] com.netreaders.dao.genres.GenreDaoImpl  - Find 2 genre(s) by bookID '10'
DEBUG   2019-11-17 21:08:56,438 [http-nio-8080-exec-7] com.netreaders.dao.author.AuthorDaoImpl  - Find 1 author(s) by bookID '10'
DEBUG   2019-11-17 21:11:42,218 [http-nio-8080-exec-7] com.netreaders.dao.book.BookDaoImpl  - Find 3 book(s) by authorID '7'
DEBUG   2019-11-17 21:11:42,230 [http-nio-8080-exec-7] com.netreaders.dao.genres.GenreDaoImpl  - Find 2 genre(s) by bookID '8'
DEBUG   2019-11-17 21:11:42,238 [http-nio-8080-exec-7] com.netreaders.dao.author.AuthorDaoImpl  - Find 1 author(s) by bookID '8'
DEBUG   2019-11-17 21:11:42,239 [http-nio-8080-exec-7] com.netreaders.dao.genres.GenreDaoImpl  - Find 4 genre(s) by bookID '9'
DEBUG   2019-11-17 21:11:42,240 [http-nio-8080-exec-7] com.netreaders.dao.author.AuthorDaoImpl  - Find 1 author(s) by bookID '9'
DEBUG   2019-11-17 21:11:42,241 [http-nio-8080-exec-7] com.netreaders.dao.genres.GenreDaoImpl  - Find 2 genre(s) by bookID '10'
DEBUG   2019-11-17 21:11:42,242 [http-nio-8080-exec-7] com.netreaders.dao.author.AuthorDaoImpl  - Find 1 author(s) by bookID '10'
